La génération a démarré 2015-11-19 11:40:14.
     1>Projet "C:\Users\charl\Desktop\TicTacTwo\Platform\Platform.vcxproj" sur le nœud 2 (Rebuild cible(s)).
     1>ClCompile:
         C:\Program Files (x86)\Microsoft Visual Studio 14.0\VC\bin\CL.exe /c /Zi /nologo /W3 /WX- /sdl /O2 /Oi /Oy- /GL /D WIN32 /D NDEBUG /D _LIB /D _UNICODE /D UNICODE /Gm- /EHsc /MD /GS /Gy /fp:precise /Zc:wchar_t /Zc:forScope /Zc:inline /Yc"stdafx.h" /Fp"Release\Platform.pch" /Fo"Release\\" /Fd"Release\Platform.pdb" /Gd /TP /analyze- /errorReport:prompt stdafx.cpp
         stdafx.cpp
         C:\Program Files (x86)\Microsoft Visual Studio 14.0\VC\bin\CL.exe /c /Zi /nologo /W3 /WX- /sdl /O2 /Oi /Oy- /GL /D WIN32 /D NDEBUG /D _LIB /D _UNICODE /D UNICODE /Gm- /EHsc /MD /GS /Gy /fp:precise /Zc:wchar_t /Zc:forScope /Zc:inline /Yu"stdafx.h" /Fp"Release\Platform.pch" /Fo"Release\\" /Fd"Release\Platform.pdb" /Gd /TP /analyze- /errorReport:prompt Dial.cpp Grid.cpp Line.cpp Tile.cpp
         Dial.cpp
         Grid.cpp
     1>Grid.cpp(114): warning C4244: 'argument' : conversion de 'const double' en 'const unsigned int', perte possible de données
     1>Grid.cpp(122): warning C4244: 'argument' : conversion de 'const double' en 'const unsigned int', perte possible de données
     1>Grid.cpp(130): warning C4244: 'argument' : conversion de 'const double' en 'const unsigned int', perte possible de données
         Line.cpp
     1>Line.cpp(96): warning C4244: 'initialisation' : conversion de 'double' en 'int', perte possible de données
     1>Line.cpp(97): warning C4244: 'initialisation' : conversion de 'double' en 'int', perte possible de données
     1>Line.cpp(107): warning C4244: 'initialisation' : conversion de 'double' en 'int', perte possible de données
     1>Line.cpp(108): warning C4244: 'initialisation' : conversion de 'double' en 'int', perte possible de données
         Tile.cpp
       Lib:
         C:\Program Files (x86)\Microsoft Visual Studio 14.0\VC\bin\Lib.exe /OUT:"C:\Users\charl\Desktop\TicTacTwo\Release\Platform.lib" /NOLOGO /LTCG Release\Dial.obj
         Release\Grid.obj
         Release\Line.obj
         Release\stdafx.obj
         Release\Tile.obj
         Platform.vcxproj -> C:\Users\charl\Desktop\TicTacTwo\Release\Platform.lib
     1>Génération du projet "C:\Users\charl\Desktop\TicTacTwo\Platform\Platform.vcxproj" terminée (Rebuild cible(s)).

La génération a réussi.

Temps écoulé 00:00:01.30
