La génération a démarré 2015-11-19 11:40:17.
     1>Projet "C:\Users\charl\Desktop\TicTacTwo\Controllers\Controllers.vcxproj" sur le nœud 2 (Rebuild cible(s)).
     1>ClCompile:
         C:\Program Files (x86)\Microsoft Visual Studio 14.0\VC\bin\CL.exe /c /Zi /nologo /W3 /WX- /sdl /O2 /Oi /Oy- /GL /D WIN32 /D NDEBUG /D _LIB /D _UNICODE /D UNICODE /Gm- /EHsc /MD /GS /Gy /fp:precise /Zc:wchar_t /Zc:forScope /Zc:inline /Yc"stdafx.h" /Fp"Release\Controllers.pch" /Fo"Release\\" /Fd"Release\Controllers.pdb" /Gd /TP /analyze- /errorReport:prompt stdafx.cpp
         stdafx.cpp
         C:\Program Files (x86)\Microsoft Visual Studio 14.0\VC\bin\CL.exe /c /Zi /nologo /W3 /WX- /sdl /O2 /Oi /Oy- /GL /D WIN32 /D NDEBUG /D _LIB /D _UNICODE /D UNICODE /Gm- /EHsc /MD /GS /Gy /fp:precise /Zc:wchar_t /Zc:forScope /Zc:inline /Yu"stdafx.h" /Fp"Release\Controllers.pch" /Fo"Release\\" /Fd"Release\Controllers.pdb" /Gd /TP /analyze- /errorReport:prompt Button.cpp GameConfiguration.cpp GameController.cpp LineManager.cpp MainController.cpp MenuController.cpp OptionsController.cpp
         Button.cpp
         GameConfiguration.cpp
         GameController.cpp
     1>GameController.cpp(141): warning C4554: '&' : vérifiez la priorité des opérateurs comme cause possible d'erreur ; utilisez des parenthèses pour rendre plus claires les priorités
     1>GameController.cpp(274): warning C4244: 'argument' : conversion de 'const double' en 'const unsigned int', perte possible de données
         LineManager.cpp
     1>LineManager.cpp(26): warning C4244: 'argument' : conversion de 'double' en 'const unsigned int', perte possible de données
     1>LineManager.cpp(150): warning C4018: '<' : incompatibilité signed/unsigned
         MainController.cpp
         MenuController.cpp
         OptionsController.cpp
       Lib:
         C:\Program Files (x86)\Microsoft Visual Studio 14.0\VC\bin\Lib.exe /OUT:"C:\Users\charl\Desktop\TicTacTwo\Release\Controllers.lib" /NOLOGO /LTCG Release\Button.obj
         Release\GameConfiguration.obj
         Release\GameController.obj
         Release\LineManager.obj
         Release\MainController.obj
         Release\MenuController.obj
         Release\OptionsController.obj
         Release\stdafx.obj
         Controllers.vcxproj -> C:\Users\charl\Desktop\TicTacTwo\Release\Controllers.lib
     1>Génération du projet "C:\Users\charl\Desktop\TicTacTwo\Controllers\Controllers.vcxproj" terminée (Rebuild cible(s)).

La génération a réussi.

Temps écoulé 00:00:01.78
